#
# A fatal error has been detected by the Java Runtime Environment:
#
#  EXCEPTION_ACCESS_VIOLATION (0xc0000005) at pc=0x00007fff5130682c, pid=5228, tid=7008
#
# JRE version: OpenJDK Runtime Environment (20.0.2+9) (build 20.0.2+9-78)
# Java VM: OpenJDK 64-Bit Server VM (20.0.2+9-78, mixed mode, sharing, tiered, compressed oops, compressed class ptrs, g1 gc, windows-amd64)
# Problematic frame:
# C  [jdwp.dll+0x2682c]
#
# No core dump will be written. Minidumps are not enabled by default on client versions of Windows
#
# If you would like to submit a bug report, please visit:
#   https://bugreport.java.com/bugreport/crash.jsp
# The crash happened outside the Java Virtual Machine in native code.
# See problematic frame for where to report the bug.
#

---------------  S U M M A R Y ------------

Command Line: -agentlib:jdwp=transport=dt_socket,address=127.0.0.1:50120,suspend=y,server=n -javaagent:C:\Users\AN\AppData\Local\JetBrains\IdeaIC2023.2\captureAgent\debugger-agent.jar -Dfile.encoding=UTF-8 -Dsun.stdout.encoding=UTF-8 -Dsun.stderr.encoding=UTF-8 ShadowDance

Host: Intel(R) Core(TM) i5-7200U CPU @ 2.50GHz, 4 cores, 7G,  Windows 10 , 64 bit Build 19041 (10.0.19041.3393)
Time: Tue Oct 10 02:27:06 2023 AUS Eastern Summer Time elapsed time: 2.366117 seconds (0d 0h 0m 2s)

---------------  T H R E A D  ---------------

Current thread (0x00000267d4e3e540):  JavaThread "main" [_thread_in_native, id=7008, stack(0x000000839e700000,0x000000839e800000)]

Stack: [0x000000839e700000,0x000000839e800000],  sp=0x000000839e7fe608,  free space=1017k
Native frames: (J=compiled Java code, j=interpreted, Vv=VM code, C=native code)
C  [jdwp.dll+0x2682c]

Java frames: (J=compiled Java code, j=interpreted, Vv=VM code)
j  org.lwjgl.glfw.GLFW.glfwInit()Z+0
j  bagel.AbstractGame.<clinit>()V+19
v  ~StubRoutines::call_stub 0x00000267e5c1100d

siginfo: EXCEPTION_ACCESS_VIOLATION (0xc0000005), reading address 0xffffffffffffffff


Registers:
RAX=0x00000267f7567eb0, RBX=0x00000267d4bdeb70, RCX=0x00000267d4e3e820, RDX=0x00000267d4bdeb70
RSP=0x000000839e7fe608, RBP=0x0000000000000002, RSI=0x000000839e7fe6b0, RDI=0x00000267d4e3e820
R8 =0x0000000000010002, R9 =0x0000000000000000, R10=0x00007fff6d2e0000, R11=0x000000839e7fe5d8
R12=0x0000000000000007, R13=0x00000267d4cbed90, R14=0x00007fff51310300, R15=0x0000000000000000
RIP=0x00007fff5130682c, EFLAGS=0x0000000000010206


Register to memory mapping:

RIP=0x00007fff5130682c jdwp.dll
RAX=0x00000267f7567eb0 points into unknown readable memory: 0x0000000000000000 | 00 00 00 00 00 00 00 00
RBX=0x00000267d4bdeb70 points into unknown readable memory: 0x0000000089709a80 | 80 9a 70 89 00 00 00 00
RCX=0x00000267d4e3e820 points into unknown readable memory: 0x00000267f7567eb0 | b0 7e 56 f7 67 02 00 00
RDX=0x00000267d4bdeb70 points into unknown readable memory: 0x0000000089709a80 | 80 9a 70 89 00 00 00 00
RSP=0x000000839e7fe608 is pointing into the stack for thread: 0x00000267d4e3e540
RBP=0x0000000000000002 is an unknown value
RSI=0x000000839e7fe6b0 is pointing into the stack for thread: 0x00000267d4e3e540
RDI=0x00000267d4e3e820 points into unknown readable memory: 0x00000267f7567eb0 | b0 7e 56 f7 67 02 00 00
R8 =0x0000000000010002 is an unknown value
R9 =0x0 is NULL
R10=0x00007fff6d2e0000 VCRUNTIME140.dll
R11=0x000000839e7fe5d8 is pointing into the stack for thread: 0x00000267d4e3e540
R12=0x0000000000000007 is an unknown value
R13=0x00000267d4cbed90 points into unknown readable memory: 0x00007fff1bc2efe0 | e0 ef c2 1b ff 7f 00 00
R14=0x00007fff51310300 jdwp.dll
R15=0x0 is NULL


Top of Stack: (sp=0x000000839e7fe608)
0x000000839e7fe608:   00007fff512f611f 00000267d4bdeb70
0x000000839e7fe618:   000000839e7fe6b0 0000000000000000
0x000000839e7fe628:   0000000000000000 00007fff1bc230b0
0x000000839e7fe638:   0000000000001b60 00000267d4bdce78
0x000000839e7fe648:   00007fff51310348 00000267d4bdeb70
0x000000839e7fe658:   00007fff512f279f 00000267d4bdeb70
0x000000839e7fe668:   0000000000000002 00000267d4e3e820
0x000000839e7fe678:   00000267d4bdeb78 000000839e7fe810
0x000000839e7fe688:   00007fff1b67da2d 00000267810153cc
0x000000839e7fe698:   000000839e7fe810 000000839e7fe810
0x000000839e7fe6a8:   00007fff1b771aef 0000000000000007
0x000000839e7fe6b8:   00000267d4bdeb70 0000000000000000
0x000000839e7fe6c8:   00000267d4bdeb78 0000000000000000
0x000000839e7fe6d8:   0000000000000000 0000000000000000
0x000000839e7fe6e8:   0000000000000000 0000000000000000
0x000000839e7fe6f8:   0000000000000000 0000000000000000
0x000000839e7fe708:   00000267d4bdeb70 0000026781015328
0x000000839e7fe718:   00007fff1b6594e5 00000267d4bdeb78
0x000000839e7fe728:   00000267f718e040 00000267d4e3e540
0x000000839e7fe738:   00007fff1b67ec55 00000267d4bdce38
0x000000839e7fe748:   00007fff1b4a8f26 0000000000000000
0x000000839e7fe758:   00000267d4e394e0 00000267d4e3e540
0x000000839e7fe768:   000002678060fcc8 00000267d4bf6900
0x000000839e7fe778:   00000267d4e3ea90 00000267d4e3eaa0
0x000000839e7fe788:   00000267d4e3ee78 00000000000003d8
0x000000839e7fe798:   00000267d4e3e540 00000267d4e3e540
0x000000839e7fe7a8:   00000267d4bf6b80 00000267d4e3ee80
0x000000839e7fe7b8:   00000267d4e3eeb0 00000267d4e3ef68
0x000000839e7fe7c8:   00000000000000d8 000000839e7fe7e0
0x000000839e7fe7d8:   000000839e7fe910 00000267d4e3e540
0x000000839e7fe7e8:   00000267d4bf6b80 00000267d4e3ee80
0x000000839e7fe7f8:   00000267d4e3eeb0 00000267d4e3ef68 

Instructions: (pc=0x00007fff5130682c)
0x00007fff5130672c:   05 ff 09 01 00 48 8b 03 48 8b d7 4d 8b 40 30 48
0x00007fff5130673c:   8b cb 48 8b 5c 24 30 48 83 c4 20 5f 48 ff a0 00
0x00007fff5130674c:   01 00 00 cc 48 89 5c 24 08 57 48 83 ec 20 48 8b
0x00007fff5130675c:   f9 e8 f2 ea ff ff 4c 8b 05 c7 09 01 00 48 8b d8
0x00007fff5130676c:   41 f6 80 10 02 00 00 02 74 33 41 b8 1f 06 00 00
0x00007fff5130677c:   48 8d 15 e5 c3 00 00 48 8d 0d 7a 5c 00 00 e8 71
0x00007fff5130678c:   49 ff ff 48 8d 15 62 9a 00 00 48 8d 0d 7b 5c 00
0x00007fff5130679c:   00 e8 06 4a ff ff 4c 8b 05 87 09 01 00 48 8b 03
0x00007fff513067ac:   48 8b d7 4d 8b 40 38 48 8b cb 48 8b 5c 24 30 48
0x00007fff513067bc:   83 c4 20 5f 48 ff a0 00 01 00 00 cc 48 89 5c 24
0x00007fff513067cc:   08 57 48 83 ec 20 48 8b f9 e8 7a ea ff ff 48 8b
0x00007fff513067dc:   15 4f 09 01 00 48 8b d8 f6 82 10 02 00 00 02 74
0x00007fff513067ec:   2c 41 b8 11 06 00 00 48 8d 15 6e c3 00 00 48 8d
0x00007fff513067fc:   0d 03 5c 00 00 e8 fa 48 ff ff 48 8d 15 e3 6c 00
0x00007fff5130680c:   00 48 8d 0d 04 5c 00 00 e8 8f 49 ff ff 48 8b 03
0x00007fff5130681c:   48 8b d7 48 8b cb 48 8b 5c 24 30 48 83 c4 20 5f
0x00007fff5130682c:   48 ff a0 50 07 00 00 cc 48 89 5c 24 08 48 89 74
0x00007fff5130683c:   24 10 48 89 7c 24 18 41 56 48 83 ec 20 4c 63 f2
0x00007fff5130684c:   49 8b d8 48 8b d1 41 8b f9 48 8b cb 4d 8d 46 ff
0x00007fff5130685c:   ff 15 0e 5a 00 00 85 c0 75 3c 41 0f be 44 1e ff
0x00007fff5130686c:   3b c7 75 32 49 03 de eb 10 0f be c8 ff 15 e2 59
0x00007fff5130687c:   00 00 85 c0 74 09 48 ff c3 8a 03 84 c0 75 ea 80
0x00007fff5130688c:   3b 3b 74 12 8b d7 48 8b cb e8 78 4a 00 00 48 85
0x00007fff5130689c:   c0 0f 94 c0 eb 02 32 c0 48 8b 5c 24 30 48 8b 74
0x00007fff513068ac:   24 38 48 8b 7c 24 40 48 83 c4 20 41 5e c3 cc cc
0x00007fff513068bc:   0f b6 d1 83 fa 1e 0f 87 83 00 00 00 74 7b 83 fa
0x00007fff513068cc:   07 77 41 74 39 83 ea 01 74 2e 83 ea 01 74 23 83
0x00007fff513068dc:   ea 01 74 18 83 ea 01 74 0d 83 fa 02 0f 85 8a 00
0x00007fff513068ec:   00 00 8d 42 03 c3 b8 04 00 00 00 c3 b8 03 00 00
0x00007fff513068fc:   00 c3 b8 02 00 00 00 c3 b8 01 00 00 00 c3 b8 06
0x00007fff5130690c:   00 00 00 c3 b8 08 00 00 00 2b d0 74 26 83 ea 01
0x00007fff5130691c:   0f 84 88 00 00 00 83 ea 01 74 12 b8 0a 00 00 00 


Stack slot to memory mapping:
stack at sp + 0 slots: 0x00007fff512f611f jdwp.dll
stack at sp + 1 slots: 0x00000267d4bdeb70 points into unknown readable memory: 0x0000000089709a80 | 80 9a 70 89 00 00 00 00
stack at sp + 2 slots: 0x000000839e7fe6b0 is pointing into the stack for thread: 0x00000267d4e3e540
stack at sp + 3 slots: 0x0 is NULL
stack at sp + 4 slots: 0x0 is NULL
stack at sp + 5 slots: 0x00007fff1bc230b0 jvm.dll
stack at sp + 6 slots: 0x0000000000001b60 is an unknown value
stack at sp + 7 slots: 0x00000267d4bdce78 points into unknown readable memory: 0x8000000400000001 | 01 00 00 00 04 00 00 80


---------------  P R O C E S S  ---------------

Threads class SMR info:
_java_thread_list=0x00000267f7275390, length=14, elements={
0x00000267d4e3e540, 0x00000267f2ecc0a0, 0x00000267f2ecd040, 0x00000267f2ecde40,
0x00000267f2ed18a0, 0x00000267f2ed31f0, 0x00000267f2ed3b30, 0x00000267f2ed47a0,
0x00000267f2f37780, 0x00000267f2e98e30, 0x00000267f72d3200, 0x00000267f73c0170,
0x00000267f73c06d0, 0x00000267f7354460
}

Java Threads: ( => current thread )
=>0x00000267d4e3e540 JavaThread "main" [_thread_in_native, id=7008, stack(0x000000839e700000,0x000000839e800000)]
  0x00000267f2ecc0a0 JavaThread "Reference Handler" daemon [_thread_blocked, id=14244, stack(0x000000839ee00000,0x000000839ef00000)]
  0x00000267f2ecd040 JavaThread "Finalizer" daemon [_thread_blocked, id=13652, stack(0x000000839ef00000,0x000000839f000000)]
  0x00000267f2ecde40 JavaThread "Signal Dispatcher" daemon [_thread_blocked, id=2444, stack(0x000000839f000000,0x000000839f100000)]
  0x00000267f2ed18a0 JavaThread "Attach Listener" daemon [_thread_blocked, id=11120, stack(0x000000839f100000,0x000000839f200000)]
  0x00000267f2ed31f0 JavaThread "Service Thread" daemon [_thread_blocked, id=15712, stack(0x000000839f200000,0x000000839f300000)]
  0x00000267f2ed3b30 JavaThread "Monitor Deflation Thread" daemon [_thread_blocked, id=1916, stack(0x000000839f300000,0x000000839f400000)]
  0x00000267f2ed47a0 JavaThread "C2 CompilerThread0" daemon [_thread_blocked, id=14628, stack(0x000000839f400000,0x000000839f500000)]
  0x00000267f2f37780 JavaThread "C1 CompilerThread0" daemon [_thread_blocked, id=2840, stack(0x000000839f500000,0x000000839f600000)]
  0x00000267f2e98e30 JavaThread "Common-Cleaner" daemon [_thread_blocked, id=13120, stack(0x000000839f600000,0x000000839f700000)]
  0x00000267f72d3200 JavaThread "JDWP Transport Listener: dt_socket" daemon [_thread_blocked, id=14824, stack(0x000000839f700000,0x000000839f800000)]
  0x00000267f73c0170 JavaThread "JDWP Event Helper Thread" daemon [_thread_blocked, id=16652, stack(0x000000839f800000,0x000000839f900000)]
  0x00000267f73c06d0 JavaThread "JDWP Command Reader" daemon [_thread_in_native, id=15164, stack(0x000000839f900000,0x000000839fa00000)]
  0x00000267f7354460 JavaThread "Notification Thread" daemon [_thread_blocked, id=9296, stack(0x000000839fa00000,0x000000839fb00000)]

Other Threads:
  0x00000267f2eaf070 VMThread "VM Thread" [stack: 0x000000839ed00000,0x000000839ee00000] [id=11612]
  0x00000267f734db30 WatcherThread "VM Periodic Task Thread" [stack: 0x000000839fb00000,0x000000839fc00000] [id=7368]
  0x00000267d4e9b770 WorkerThread "GC Thread#0" [stack: 0x000000839e800000,0x000000839e900000] [id=1280]
  0x00000267d4eac380 ConcurrentGCThread "G1 Main Marker" [stack: 0x000000839e900000,0x000000839ea00000] [id=14840]
  0x00000267d4eacf50 WorkerThread "G1 Conc#0" [stack: 0x000000839ea00000,0x000000839eb00000] [id=18052]
  0x00000267f2d620b0 ConcurrentGCThread "G1 Refine#0" [stack: 0x000000839eb00000,0x000000839ec00000] [id=6404]
  0x00000267d4f0c2b0 ConcurrentGCThread "G1 Service" [stack: 0x000000839ec00000,0x000000839ed00000] [id=17336]

Threads with active compile tasks:

VM state: not at safepoint (normal execution)

VM Mutex/Monitor currently owned by a thread: None

Heap address: 0x0000000081800000, size: 2024 MB, Compressed Oops mode: 32-bit

CDS archive(s) mapped at: [0x0000026780000000-0x0000026780c60000-0x0000026780c60000), size 12976128, SharedBaseAddress: 0x0000026780000000, ArchiveRelocationMode: 1.
Compressed class space mapped at: 0x0000026781000000-0x00000267c1000000, reserved size: 1073741824
Narrow klass base: 0x0000026780000000, Narrow klass shift: 0, Narrow klass range: 0x100000000

GC Precious Log:
 CardTable entry size: 512
 Card Set container configuration: InlinePtr #cards 5 size 8 Array Of Cards #cards 12 size 40 Howl #buckets 4 coarsen threshold 1843 Howl Bitmap #cards 512 size 80 coarsen threshold 460 Card regions per heap region 1 cards per card region 2048
 CPUs: 4 total, 4 available
 Memory: 8089M
 Large Page Support: Disabled
 NUMA Support: Disabled
 Compressed Oops: Enabled (32-bit)
 Heap Region Size: 1M
 Heap Min Capacity: 8M
 Heap Initial Capacity: 128M
 Heap Max Capacity: 2024M
 Pre-touch: Disabled
 Parallel Workers: 4
 Concurrent Workers: 1
 Concurrent Refinement Workers: 4
 Periodic GC: Disabled

Heap:
 garbage-first heap   total 131072K, used 6144K [0x0000000081800000, 0x0000000100000000)
  region size 1024K, 7 young (7168K), 0 survivors (0K)
 Metaspace       used 1874K, committed 2048K, reserved 1114112K
  class space    used 147K, committed 256K, reserved 1048576K

Heap Regions: E=young(eden), S=young(survivor), O=old, HS=humongous(starts), HC=humongous(continues), CS=collection set, F=free, OA=open archive, CA=closed archive, TAMS=top-at-mark-start, PB=parsable bottom
|   0|0x0000000081800000, 0x0000000081800000, 0x0000000081900000|  0%| F|  |TAMS 0x0000000081800000| PB 0x0000000081800000| Untracked 
|   1|0x0000000081900000, 0x0000000081900000, 0x0000000081a00000|  0%| F|  |TAMS 0x0000000081900000| PB 0x0000000081900000| Untracked 
|   2|0x0000000081a00000, 0x0000000081a00000, 0x0000000081b00000|  0%| F|  |TAMS 0x0000000081a00000| PB 0x0000000081a00000| Untracked 
|   3|0x0000000081b00000, 0x0000000081b00000, 0x0000000081c00000|  0%| F|  |TAMS 0x0000000081b00000| PB 0x0000000081b00000| Untracked 
|   4|0x0000000081c00000, 0x0000000081c00000, 0x0000000081d00000|  0%| F|  |TAMS 0x0000000081c00000| PB 0x0000000081c00000| Untracked 
|   5|0x0000000081d00000, 0x0000000081d00000, 0x0000000081e00000|  0%| F|  |TAMS 0x0000000081d00000| PB 0x0000000081d00000| Untracked 
|   6|0x0000000081e00000, 0x0000000081e00000, 0x0000000081f00000|  0%| F|  |TAMS 0x0000000081e00000| PB 0x0000000081e00000| Untracked 
|   7|0x0000000081f00000, 0x0000000081f00000, 0x0000000082000000|  0%| F|  |TAMS 0x0000000081f00000| PB 0x0000000081f00000| Untracked 
|   8|0x0000000082000000, 0x0000000082000000, 0x0000000082100000|  0%| F|  |TAMS 0x0000000082000000| PB 0x0000000082000000| Untracked 
|   9|0x0000000082100000, 0x0000000082100000, 0x0000000082200000|  0%| F|  |TAMS 0x0000000082100000| PB 0x0000000082100000| Untracked 
|  10|0x0000000082200000, 0x0000000082200000, 0x0000000082300000|  0%| F|  |TAMS 0x0000000082200000| PB 0x0000000082200000| Untracked 
|  11|0x0000000082300000, 0x0000000082300000, 0x0000000082400000|  0%| F|  |TAMS 0x0000000082300000| PB 0x0000000082300000| Untracked 
|  12|0x0000000082400000, 0x0000000082400000, 0x0000000082500000|  0%| F|  |TAMS 0x0000000082400000| PB 0x0000000082400000| Untracked 
|  13|0x0000000082500000, 0x0000000082500000, 0x0000000082600000|  0%| F|  |TAMS 0x0000000082500000| PB 0x0000000082500000| Untracked 
|  14|0x0000000082600000, 0x0000000082600000, 0x0000000082700000|  0%| F|  |TAMS 0x0000000082600000| PB 0x0000000082600000| Untracked 
|  15|0x0000000082700000, 0x0000000082700000, 0x0000000082800000|  0%| F|  |TAMS 0x0000000082700000| PB 0x0000000082700000| Untracked 
|  16|0x0000000082800000, 0x0000000082800000, 0x0000000082900000|  0%| F|  |TAMS 0x0000000082800000| PB 0x0000000082800000| Untracked 
|  17|0x0000000082900000, 0x0000000082900000, 0x0000000082a00000|  0%| F|  |TAMS 0x0000000082900000| PB 0x0000000082900000| Untracked 
|  18|0x0000000082a00000, 0x0000000082a00000, 0x0000000082b00000|  0%| F|  |TAMS 0x0000000082a00000| PB 0x0000000082a00000| Untracked 
|  19|0x0000000082b00000, 0x0000000082b00000, 0x0000000082c00000|  0%| F|  |TAMS 0x0000000082b00000| PB 0x0000000082b00000| Untracked 
|  20|0x0000000082c00000, 0x0000000082c00000, 0x0000000082d00000|  0%| F|  |TAMS 0x0000000082c00000| PB 0x0000000082c00000| Untracked 
|  21|0x0000000082d00000, 0x0000000082d00000, 0x0000000082e00000|  0%| F|  |TAMS 0x0000000082d00000| PB 0x0000000082d00000| Untracked 
|  22|0x0000000082e00000, 0x0000000082e00000, 0x0000000082f00000|  0%| F|  |TAMS 0x0000000082e00000| PB 0x0000000082e00000| Untracked 
|  23|0x0000000082f00000, 0x0000000082f00000, 0x0000000083000000|  0%| F|  |TAMS 0x0000000082f00000| PB 0x0000000082f00000| Untracked 
|  24|0x0000000083000000, 0x0000000083000000, 0x0000000083100000|  0%| F|  |TAMS 0x0000000083000000| PB 0x0000000083000000| Untracked 
|  25|0x0000000083100000, 0x0000000083100000, 0x0000000083200000|  0%| F|  |TAMS 0x0000000083100000| PB 0x0000000083100000| Untracked 
|  26|0x0000000083200000, 0x0000000083200000, 0x0000000083300000|  0%| F|  |TAMS 0x0000000083200000| PB 0x0000000083200000| Untracked 
|  27|0x0000000083300000, 0x0000000083300000, 0x0000000083400000|  0%| F|  |TAMS 0x0000000083300000| PB 0x0000000083300000| Untracked 
|  28|0x0000000083400000, 0x0000000083400000, 0x0000000083500000|  0%| F|  |TAMS 0x0000000083400000| PB 0x0000000083400000| Untracked 
|  29|0x0000000083500000, 0x0000000083500000, 0x0000000083600000|  0%| F|  |TAMS 0x0000000083500000| PB 0x0000000083500000| Untracked 
|  30|0x0000000083600000, 0x0000000083600000, 0x0000000083700000|  0%| F|  |TAMS 0x0000000083600000| PB 0x0000000083600000| Untracked 
|  31|0x0000000083700000, 0x0000000083700000, 0x0000000083800000|  0%| F|  |TAMS 0x0000000083700000| PB 0x0000000083700000| Untracked 
|  32|0x0000000083800000, 0x0000000083800000, 0x0000000083900000|  0%| F|  |TAMS 0x0000000083800000| PB 0x0000000083800000| Untracked 
|  33|0x0000000083900000, 0x0000000083900000, 0x0000000083a00000|  0%| F|  |TAMS 0x0000000083900000| PB 0x0000000083900000| Untracked 
|  34|0x0000000083a00000, 0x0000000083a00000, 0x0000000083b00000|  0%| F|  |TAMS 0x0000000083a00000| PB 0x0000000083a00000| Untracked 
|  35|0x0000000083b00000, 0x0000000083b00000, 0x0000000083c00000|  0%| F|  |TAMS 0x0000000083b00000| PB 0x0000000083b00000| Untracked 
|  36|0x0000000083c00000, 0x0000000083c00000, 0x0000000083d00000|  0%| F|  |TAMS 0x0000000083c00000| PB 0x0000000083c00000| Untracked 
|  37|0x0000000083d00000, 0x0000000083d00000, 0x0000000083e00000|  0%| F|  |TAMS 0x0000000083d00000| PB 0x0000000083d00000| Untracked 
|  38|0x0000000083e00000, 0x0000000083e00000, 0x0000000083f00000|  0%| F|  |TAMS 0x0000000083e00000| PB 0x0000000083e00000| Untracked 
|  39|0x0000000083f00000, 0x0000000083f00000, 0x0000000084000000|  0%| F|  |TAMS 0x0000000083f00000| PB 0x0000000083f00000| Untracked 
|  40|0x0000000084000000, 0x0000000084000000, 0x0000000084100000|  0%| F|  |TAMS 0x0000000084000000| PB 0x0000000084000000| Untracked 
|  41|0x0000000084100000, 0x0000000084100000, 0x0000000084200000|  0%| F|  |TAMS 0x0000000084100000| PB 0x0000000084100000| Untracked 
|  42|0x0000000084200000, 0x0000000084200000, 0x0000000084300000|  0%| F|  |TAMS 0x0000000084200000| PB 0x0000000084200000| Untracked 
|  43|0x0000000084300000, 0x0000000084300000, 0x0000000084400000|  0%| F|  |TAMS 0x0000000084300000| PB 0x0000000084300000| Untracked 
|  44|0x0000000084400000, 0x0000000084400000, 0x0000000084500000|  0%| F|  |TAMS 0x0000000084400000| PB 0x0000000084400000| Untracked 
|  45|0x0000000084500000, 0x0000000084500000, 0x0000000084600000|  0%| F|  |TAMS 0x0000000084500000| PB 0x0000000084500000| Untracked 
|  46|0x0000000084600000, 0x0000000084600000, 0x0000000084700000|  0%| F|  |TAMS 0x0000000084600000| PB 0x0000000084600000| Untracked 
|  47|0x0000000084700000, 0x0000000084700000, 0x0000000084800000|  0%| F|  |TAMS 0x0000000084700000| PB 0x0000000084700000| Untracked 
|  48|0x0000000084800000, 0x0000000084800000, 0x0000000084900000|  0%| F|  |TAMS 0x0000000084800000| PB 0x0000000084800000| Untracked 
|  49|0x0000000084900000, 0x0000000084900000, 0x0000000084a00000|  0%| F|  |TAMS 0x0000000084900000| PB 0x0000000084900000| Untracked 
|  50|0x0000000084a00000, 0x0000000084a00000, 0x0000000084b00000|  0%| F|  |TAMS 0x0000000084a00000| PB 0x0000000084a00000| Untracked 
|  51|0x0000000084b00000, 0x0000000084b00000, 0x0000000084c00000|  0%| F|  |TAMS 0x0000000084b00000| PB 0x0000000084b00000| Untracked 
|  52|0x0000000084c00000, 0x0000000084c00000, 0x0000000084d00000|  0%| F|  |TAMS 0x0000000084c00000| PB 0x0000000084c00000| Untracked 
|  53|0x0000000084d00000, 0x0000000084d00000, 0x0000000084e00000|  0%| F|  |TAMS 0x0000000084d00000| PB 0x0000000084d00000| Untracked 
|  54|0x0000000084e00000, 0x0000000084e00000, 0x0000000084f00000|  0%| F|  |TAMS 0x0000000084e00000| PB 0x0000000084e00000| Untracked 
|  55|0x0000000084f00000, 0x0000000084f00000, 0x0000000085000000|  0%| F|  |TAMS 0x0000000084f00000| PB 0x0000000084f00000| Untracked 
|  56|0x0000000085000000, 0x0000000085000000, 0x0000000085100000|  0%| F|  |TAMS 0x0000000085000000| PB 0x0000000085000000| Untracked 
|  57|0x0000000085100000, 0x0000000085100000, 0x0000000085200000|  0%| F|  |TAMS 0x0000000085100000| PB 0x0000000085100000| Untracked 
|  58|0x0000000085200000, 0x0000000085200000, 0x0000000085300000|  0%| F|  |TAMS 0x0000000085200000| PB 0x0000000085200000| Untracked 
|  59|0x0000000085300000, 0x0000000085300000, 0x0000000085400000|  0%| F|  |TAMS 0x0000000085300000| PB 0x0000000085300000| Untracked 
|  60|0x0000000085400000, 0x0000000085400000, 0x0000000085500000|  0%| F|  |TAMS 0x0000000085400000| PB 0x0000000085400000| Untracked 
|  61|0x0000000085500000, 0x0000000085500000, 0x0000000085600000|  0%| F|  |TAMS 0x0000000085500000| PB 0x0000000085500000| Untracked 
|  62|0x0000000085600000, 0x0000000085600000, 0x0000000085700000|  0%| F|  |TAMS 0x0000000085600000| PB 0x0000000085600000| Untracked 
|  63|0x0000000085700000, 0x0000000085700000, 0x0000000085800000|  0%| F|  |TAMS 0x0000000085700000| PB 0x0000000085700000| Untracked 
|  64|0x0000000085800000, 0x0000000085800000, 0x0000000085900000|  0%| F|  |TAMS 0x0000000085800000| PB 0x0000000085800000| Untracked 
|  65|0x0000000085900000, 0x0000000085900000, 0x0000000085a00000|  0%| F|  |TAMS 0x0000000085900000| PB 0x0000000085900000| Untracked 
|  66|0x0000000085a00000, 0x0000000085a00000, 0x0000000085b00000|  0%| F|  |TAMS 0x0000000085a00000| PB 0x0000000085a00000| Untracked 
|  67|0x0000000085b00000, 0x0000000085b00000, 0x0000000085c00000|  0%| F|  |TAMS 0x0000000085b00000| PB 0x0000000085b00000| Untracked 
|  68|0x0000000085c00000, 0x0000000085c00000, 0x0000000085d00000|  0%| F|  |TAMS 0x0000000085c00000| PB 0x0000000085c00000| Untracked 
|  69|0x0000000085d00000, 0x0000000085d00000, 0x0000000085e00000|  0%| F|  |TAMS 0x0000000085d00000| PB 0x0000000085d00000| Untracked 
|  70|0x0000000085e00000, 0x0000000085e00000, 0x0000000085f00000|  0%| F|  |TAMS 0x0000000085e00000| PB 0x0000000085e00000| Untracked 
|  71|0x0000000085f00000, 0x0000000085f00000, 0x0000000086000000|  0%| F|  |TAMS 0x0000000085f00000| PB 0x0000000085f00000| Untracked 
|  72|0x0000000086000000, 0x0000000086000000, 0x0000000086100000|  0%| F|  |TAMS 0x0000000086000000| PB 0x0000000086000000| Untracked 
|  73|0x0000000086100000, 0x0000000086100000, 0x0000000086200000|  0%| F|  |TAMS 0x0000000086100000| PB 0x0000000086100000| Untracked 
|  74|0x0000000086200000, 0x0000000086200000, 0x0000000086300000|  0%| F|  |TAMS 0x0000000086200000| PB 0x0000000086200000| Untracked 
|  75|0x0000000086300000, 0x0000000086300000, 0x0000000086400000|  0%| F|  |TAMS 0x0000000086300000| PB 0x0000000086300000| Untracked 
|  76|0x0000000086400000, 0x0000000086400000, 0x0000000086500000|  0%| F|  |TAMS 0x0000000086400000| PB 0x0000000086400000| Untracked 
|  77|0x0000000086500000, 0x0000000086500000, 0x0000000086600000|  0%| F|  |TAMS 0x0000000086500000| PB 0x0000000086500000| Untracked 
|  78|0x0000000086600000, 0x0000000086600000, 0x0000000086700000|  0%| F|  |TAMS 0x0000000086600000| PB 0x0000000086600000| Untracked 
|  79|0x0000000086700000, 0x0000000086700000, 0x0000000086800000|  0%| F|  |TAMS 0x0000000086700000| PB 0x0000000086700000| Untracked 
|  80|0x0000000086800000, 0x0000000086800000, 0x0000000086900000|  0%| F|  |TAMS 0x0000000086800000| PB 0x0000000086800000| Untracked 
|  81|0x0000000086900000, 0x0000000086900000, 0x0000000086a00000|  0%| F|  |TAMS 0x0000000086900000| PB 0x0000000086900000| Untracked 
|  82|0x0000000086a00000, 0x0000000086a00000, 0x0000000086b00000|  0%| F|  |TAMS 0x0000000086a00000| PB 0x0000000086a00000| Untracked 
|  83|0x0000000086b00000, 0x0000000086b00000, 0x0000000086c00000|  0%| F|  |TAMS 0x0000000086b00000| PB 0x0000000086b00000| Untracked 
|  84|0x0000000086c00000, 0x0000000086c00000, 0x0000000086d00000|  0%| F|  |TAMS 0x0000000086c00000| PB 0x0000000086c00000| Untracked 
|  85|0x0000000086d00000, 0x0000000086d00000, 0x0000000086e00000|  0%| F|  |TAMS 0x0000000086d00000| PB 0x0000000086d00000| Untracked 
|  86|0x0000000086e00000, 0x0000000086e00000, 0x0000000086f00000|  0%| F|  |TAMS 0x0000000086e00000| PB 0x0000000086e00000| Untracked 
|  87|0x0000000086f00000, 0x0000000086f00000, 0x0000000087000000|  0%| F|  |TAMS 0x0000000086f00000| PB 0x0000000086f00000| Untracked 
|  88|0x0000000087000000, 0x0000000087000000, 0x0000000087100000|  0%| F|  |TAMS 0x0000000087000000| PB 0x0000000087000000| Untracked 
|  89|0x0000000087100000, 0x0000000087100000, 0x0000000087200000|  0%| F|  |TAMS 0x0000000087100000| PB 0x0000000087100000| Untracked 
|  90|0x0000000087200000, 0x0000000087200000, 0x0000000087300000|  0%| F|  |TAMS 0x0000000087200000| PB 0x0000000087200000| Untracked 
|  91|0x0000000087300000, 0x0000000087300000, 0x0000000087400000|  0%| F|  |TAMS 0x0000000087300000| PB 0x0000000087300000| Untracked 
|  92|0x0000000087400000, 0x0000000087400000, 0x0000000087500000|  0%| F|  |TAMS 0x0000000087400000| PB 0x0000000087400000| Untracked 
|  93|0x0000000087500000, 0x0000000087500000, 0x0000000087600000|  0%| F|  |TAMS 0x0000000087500000| PB 0x0000000087500000| Untracked 
|  94|0x0000000087600000, 0x0000000087600000, 0x0000000087700000|  0%| F|  |TAMS 0x0000000087600000| PB 0x0000000087600000| Untracked 
|  95|0x0000000087700000, 0x0000000087700000, 0x0000000087800000|  0%| F|  |TAMS 0x0000000087700000| PB 0x0000000087700000| Untracked 
|  96|0x0000000087800000, 0x0000000087800000, 0x0000000087900000|  0%| F|  |TAMS 0x0000000087800000| PB 0x0000000087800000| Untracked 
|  97|0x0000000087900000, 0x0000000087900000, 0x0000000087a00000|  0%| F|  |TAMS 0x0000000087900000| PB 0x0000000087900000| Untracked 
|  98|0x0000000087a00000, 0x0000000087a00000, 0x0000000087b00000|  0%| F|  |TAMS 0x0000000087a00000| PB 0x0000000087a00000| Untracked 
|  99|0x0000000087b00000, 0x0000000087b00000, 0x0000000087c00000|  0%| F|  |TAMS 0x0000000087b00000| PB 0x0000000087b00000| Untracked 
| 100|0x0000000087c00000, 0x0000000087c00000, 0x0000000087d00000|  0%| F|  |TAMS 0x0000000087c00000| PB 0x0000000087c00000| Untracked 
| 101|0x0000000087d00000, 0x0000000087d00000, 0x0000000087e00000|  0%| F|  |TAMS 0x0000000087d00000| PB 0x0000000087d00000| Untracked 
| 102|0x0000000087e00000, 0x0000000087e00000, 0x0000000087f00000|  0%| F|  |TAMS 0x0000000087e00000| PB 0x0000000087e00000| Untracked 
| 103|0x0000000087f00000, 0x0000000087f00000, 0x0000000088000000|  0%| F|  |TAMS 0x0000000087f00000| PB 0x0000000087f00000| Untracked 
| 104|0x0000000088000000, 0x0000000088000000, 0x0000000088100000|  0%| F|  |TAMS 0x0000000088000000| PB 0x0000000088000000| Untracked 
| 105|0x0000000088100000, 0x0000000088100000, 0x0000000088200000|  0%| F|  |TAMS 0x0000000088100000| PB 0x0000000088100000| Untracked 
| 106|0x0000000088200000, 0x0000000088200000, 0x0000000088300000|  0%| F|  |TAMS 0x0000000088200000| PB 0x0000000088200000| Untracked 
| 107|0x0000000088300000, 0x0000000088300000, 0x0000000088400000|  0%| F|  |TAMS 0x0000000088300000| PB 0x0000000088300000| Untracked 
| 108|0x0000000088400000, 0x0000000088400000, 0x0000000088500000|  0%| F|  |TAMS 0x0000000088400000| PB 0x0000000088400000| Untracked 
| 109|0x0000000088500000, 0x0000000088500000, 0x0000000088600000|  0%| F|  |TAMS 0x0000000088500000| PB 0x0000000088500000| Untracked 
| 110|0x0000000088600000, 0x0000000088600000, 0x0000000088700000|  0%| F|  |TAMS 0x0000000088600000| PB 0x0000000088600000| Untracked 
| 111|0x0000000088700000, 0x0000000088700000, 0x0000000088800000|  0%| F|  |TAMS 0x0000000088700000| PB 0x0000000088700000| Untracked 
| 112|0x0000000088800000, 0x0000000088800000, 0x0000000088900000|  0%| F|  |TAMS 0x0000000088800000| PB 0x0000000088800000| Untracked 
| 113|0x0000000088900000, 0x0000000088900000, 0x0000000088a00000|  0%| F|  |TAMS 0x0000000088900000| PB 0x0000000088900000| Untracked 
| 114|0x0000000088a00000, 0x0000000088a00000, 0x0000000088b00000|  0%| F|  |TAMS 0x0000000088a00000| PB 0x0000000088a00000| Untracked 
| 115|0x0000000088b00000, 0x0000000088b00000, 0x0000000088c00000|  0%| F|  |TAMS 0x0000000088b00000| PB 0x0000000088b00000| Untracked 
| 116|0x0000000088c00000, 0x0000000088c00000, 0x0000000088d00000|  0%| F|  |TAMS 0x0000000088c00000| PB 0x0000000088c00000| Untracked 
| 117|0x0000000088d00000, 0x0000000088d00000, 0x0000000088e00000|  0%| F|  |TAMS 0x0000000088d00000| PB 0x0000000088d00000| Untracked 
| 118|0x0000000088e00000, 0x0000000088e00000, 0x0000000088f00000|  0%| F|  |TAMS 0x0000000088e00000| PB 0x0000000088e00000| Untracked 
| 119|0x0000000088f00000, 0x0000000088f00000, 0x0000000089000000|  0%| F|  |TAMS 0x0000000088f00000| PB 0x0000000088f00000| Untracked 
| 120|0x0000000089000000, 0x0000000089000000, 0x0000000089100000|  0%| F|  |TAMS 0x0000000089000000| PB 0x0000000089000000| Untracked 
| 121|0x0000000089100000, 0x00000000891e0c58, 0x0000000089200000| 87%| E|  |TAMS 0x0000000089100000| PB 0x0000000089100000| Complete 
| 122|0x0000000089200000, 0x0000000089300000, 0x0000000089300000|100%| E|CS|TAMS 0x0000000089200000| PB 0x0000000089200000| Complete 
| 123|0x0000000089300000, 0x0000000089400000, 0x0000000089400000|100%| E|CS|TAMS 0x0000000089300000| PB 0x0000000089300000| Complete 
| 124|0x0000000089400000, 0x0000000089500000, 0x0000000089500000|100%| E|CS|TAMS 0x0000000089400000| PB 0x0000000089400000| Complete 
| 125|0x0000000089500000, 0x0000000089600000, 0x0000000089600000|100%| E|CS|TAMS 0x0000000089500000| PB 0x0000000089500000| Complete 
| 126|0x0000000089600000, 0x0000000089700000, 0x0000000089700000|100%| E|CS|TAMS 0x0000000089600000| PB 0x0000000089600000| Complete 
| 127|0x0000000089700000, 0x0000000089800000, 0x0000000089800000|100%| E|CS|TAMS 0x0000000089700000| PB 0x0000000089700000| Complete 

Card table byte_map: [0x00000267ee110000,0x00000267ee510000] _byte_map_base: 0x00000267edd04000

Marking Bits: (CMBitMap*) 0x00000267d4e9bda0
 Bits: [0x00000267ee910000, 0x00000267f08b0000)

Polling page: 0x00000267d4f10000

Metaspace:

Usage:
  Non-class:      1.69 MB used.
      Class:    147.33 KB used.
       Both:      1.83 MB used.

Virtual space:
  Non-class space:       64.00 MB reserved,       1.75 MB (  3%) committed,  1 nodes.
      Class space:        1.00 GB reserved,     256.00 KB ( <1%) committed,  1 nodes.
             Both:        1.06 GB reserved,       2.00 MB ( <1%) committed. 

Chunk freelists:
   Non-Class:  3.44 MB
       Class:  3.67 MB
        Both:  7.11 MB

MaxMetaspaceSize: unlimited
CompressedClassSpaceSize: 1.00 GB
Initial GC threshold: 21.00 MB
Current GC threshold: 21.00 MB
CDS: on
MetaspaceReclaimPolicy: balanced
 - commit_granule_bytes: 65536.
 - commit_granule_words: 8192.
 - virtual_space_node_default_size: 8388608.
 - enlarge_chunks_in_place: 1.
 - new_chunks_are_fully_committed: 0.
 - uncommit_free_chunks: 1.
 - use_allocation_guard: 0.


Internal statistics:

num_allocs_failed_limit: 0.
num_arena_births: 74.
num_arena_deaths: 0.
num_vsnodes_births: 2.
num_vsnodes_deaths: 0.
num_space_committed: 32.
num_space_uncommitted: 0.
num_chunks_returned_to_freelist: 0.
num_chunks_taken_from_freelist: 108.
num_chunk_merges: 0.
num_chunk_splits: 72.
num_chunks_enlarged: 45.
num_inconsistent_stats: 0.

CodeHeap 'non-profiled nmethods': size=120000Kb used=148Kb max_used=148Kb free=119851Kb
 bounds [0x00000267e61b0000, 0x00000267e6420000, 0x00000267ed6e0000]
CodeHeap 'profiled nmethods': size=120000Kb used=582Kb max_used=582Kb free=119417Kb
 bounds [0x00000267de6e0000, 0x00000267de950000, 0x00000267e5c10000]
CodeHeap 'non-nmethods': size=5760Kb used=1452Kb max_used=1466Kb free=4307Kb
 bounds [0x00000267e5c10000, 0x00000267e5e80000, 0x00000267e61b0000]
 total_blobs=893 nmethods=456 adapters=348
 compilation: enabled
              stopped_count=0, restarted_count=0
 full_count=0

Compilation events (20 events):
Event: 2.346 Thread 0x00000267f2f37780  447       3       java.lang.StringConcatHelper::prepend (37 bytes)
Event: 2.346 Thread 0x00000267f2f37780 nmethod 447 0x00000267de76fb10 code [0x00000267de76fcc0, 0x00000267de76ff98]
Event: 2.349 Thread 0x00000267f2ed47a0  448       4       java.lang.AbstractStringBuilder::isLatin1 (19 bytes)
Event: 2.349 Thread 0x00000267f2ed47a0 nmethod 448 0x00000267e61d4990 code [0x00000267e61d4b00, 0x00000267e61d4ba8]
Event: 2.350 Thread 0x00000267f2ed47a0  449       4       java.util.concurrent.ConcurrentHashMap::tabAt (22 bytes)
Event: 2.350 Thread 0x00000267f2ed47a0 nmethod 449 0x00000267e61d4c90 code [0x00000267e61d4e00, 0x00000267e61d4e70]
Event: 2.352 Thread 0x00000267f2ed47a0  450       4       java.lang.String::length (11 bytes)
Event: 2.352 Thread 0x00000267f2f37780  451       3       jdk.internal.jimage.ImageStringsReader::hashCode (33 bytes)
Event: 2.352 Thread 0x00000267f2f37780 nmethod 451 0x00000267de770110 code [0x00000267de7702a0, 0x00000267de770410]
Event: 2.352 Thread 0x00000267f2f37780  452       3       java.util.Optional::empty (6 bytes)
Event: 2.353 Thread 0x00000267f2f37780 nmethod 452 0x00000267de770510 code [0x00000267de7706a0, 0x00000267de770798]
Event: 2.353 Thread 0x00000267f2f37780  453       3       java.lang.StringBuilder::append (8 bytes)
Event: 2.353 Thread 0x00000267f2f37780 nmethod 453 0x00000267de770810 code [0x00000267de7709a0, 0x00000267de770af0]
Event: 2.353 Thread 0x00000267f2f37780  454       3       java.lang.AbstractStringBuilder::append (55 bytes)
Event: 2.353 Thread 0x00000267f2ed47a0 nmethod 450 0x00000267e61d4f90 code [0x00000267e61d5100, 0x00000267e61d51a8]
Event: 2.353 Thread 0x00000267f2f37780 nmethod 454 0x00000267de770b90 code [0x00000267de770d60, 0x00000267de7710a0]
Event: 2.353 Thread 0x00000267f2f37780  455       3       java.util.ArrayList::get (15 bytes)
Event: 2.354 Thread 0x00000267f2f37780 nmethod 455 0x00000267de771210 code [0x00000267de7713c0, 0x00000267de771618]
Event: 2.354 Thread 0x00000267f2f37780  456       3       java.util.ArrayList::elementData (7 bytes)
Event: 2.354 Thread 0x00000267f2f37780 nmethod 456 0x00000267de771790 code [0x00000267de771920, 0x00000267de771a58]

GC Heap History (0 events):
No events

Dll operation events (9 events):
Event: 0.136 Loaded shared library C:\Users\AN\.jdks\openjdk-20.0.2\bin\java.dll
Event: 0.142 Loaded shared library C:\Users\AN\.jdks\openjdk-20.0.2\bin\zip.dll
Event: 0.203 Loaded shared library C:\Users\AN\.jdks\openjdk-20.0.2\bin\jsvml.dll
Event: 2.003 Loaded shared library C:\Users\AN\.jdks\openjdk-20.0.2\bin\instrument.dll
Event: 2.108 Loaded shared library C:\Users\AN\.jdks\openjdk-20.0.2\bin\net.dll
Event: 2.110 Loaded shared library C:\Users\AN\.jdks\openjdk-20.0.2\bin\nio.dll
Event: 2.132 Loaded shared library C:\Users\AN\.jdks\openjdk-20.0.2\bin\zip.dll
Event: 2.234 Loaded shared library C:\Users\AN\.jdks\openjdk-20.0.2\bin\jimage.dll
Event: 2.286 Loaded shared library C:\Users\AN\AppData\Local\Temp\lwjglAN\3.3.1-build-7\lwjgl.dll

Deoptimization events (8 events):
Event: 2.052 Thread 0x00000267d4e3e540 Uncommon trap: trap_request=0xffffff45 fr.pc=0x00000267e61c38f0 relative=0x0000000000000070
Event: 2.052 Thread 0x00000267d4e3e540 Uncommon trap: reason=unstable_if action=reinterpret pc=0x00000267e61c38f0 method=java.lang.String.isLatin1()Z @ 10 c2
Event: 2.052 Thread 0x00000267d4e3e540 DEOPT PACKING pc=0x00000267e61c38f0 sp=0x000000839e7fe730
Event: 2.052 Thread 0x00000267d4e3e540 DEOPT UNPACKING pc=0x00000267e5c79d22 sp=0x000000839e7fe6d0 mode 2
Event: 2.053 Thread 0x00000267d4e3e540 Uncommon trap: trap_request=0xffffff45 fr.pc=0x00000267e61c2048 relative=0x00000000000000c8
Event: 2.053 Thread 0x00000267d4e3e540 Uncommon trap: reason=unstable_if action=reinterpret pc=0x00000267e61c2048 method=java.lang.String.isLatin1()Z @ 10 c2
Event: 2.053 Thread 0x00000267d4e3e540 DEOPT PACKING pc=0x00000267e61c2048 sp=0x000000839e7ff140
Event: 2.053 Thread 0x00000267d4e3e540 DEOPT UNPACKING pc=0x00000267e5c79d22 sp=0x000000839e7ff090 mode 2

Classes loaded (20 events):
Event: 2.340 Loading class java/nio/BufferUnderflowException
Event: 2.340 Loading class java/nio/BufferUnderflowException done
Event: 2.340 Loading class org/lwjgl/system/MemoryStack
Event: 2.340 Loading class org/lwjgl/system/MemoryStack done
Event: 2.343 Loading class java/lang/IndexOutOfBoundsException
Event: 2.343 Loading class java/lang/IndexOutOfBoundsException done
Event: 2.343 Loading class org/lwjgl/system/MemoryStack$DebugMemoryStack
Event: 2.343 Loading class org/lwjgl/system/MemoryStack$DebugMemoryStack done
Event: 2.345 Loading class org/lwjgl/system/MemoryStack
Event: 2.345 Loading class org/lwjgl/system/MemoryStack done
Event: 2.345 Loading class org/lwjgl/system/MemoryStack
Event: 2.345 Loading class org/lwjgl/system/MemoryStack done
Event: 2.346 Loading class org/lwjgl/BufferUtils
Event: 2.346 Loading class org/lwjgl/BufferUtils done
Event: 2.348 Loading class org/lwjgl/system/windows/WinBase
Event: 2.348 Loading class org/lwjgl/system/windows/WinBase done
Event: 2.349 Loading class org/lwjgl/system/ThreadLocalUtil
Event: 2.349 Loading class org/lwjgl/system/ThreadLocalUtil done
Event: 2.353 Loading class org/lwjgl/glfw/GLFW$Functions
Event: 2.353 Loading class org/lwjgl/glfw/GLFW$Functions done

Classes unloaded (0 events):
No events

Classes redefined (0 events):
No events

Internal exceptions (19 events):
Event: 2.005 Thread 0x00000267d4e3e540 Exception <a 'java/lang/NoSuchMethodError'{0x00000000896eeb00}: 'void java.lang.invoke.DirectMethodHandle$Holder.invokeStatic(java.lang.Object, java.lang.Object, java.lang.Object)'> (0x00000000896eeb00) 
thrown [s\open\src\hotspot\share\interpreter\linkResolver.cpp, line 773]
Event: 2.023 Thread 0x00000267d4e3e540 Exception <a 'java/lang/NoSuchMethodError'{0x0000000089506a70}: 'java.lang.Object java.lang.invoke.Invokers$Holder.invokeExact_MT(java.lang.Object, java.lang.Object, java.lang.Object, java.lang.Object, java.lang.Object)'> (0x0000000089506a70) 
thrown [s\open\src\hotspot\share\interpreter\linkResolver.cpp, line 773]
Event: 2.202 Thread 0x00000267d4e3e540 Exception <a 'java/lang/NoSuchMethodError'{0x000000008934d660}: 'void java.lang.invoke.DirectMethodHandle$Holder.invokeStatic(java.lang.Object, java.lang.Object)'> (0x000000008934d660) 
thrown [s\open\src\hotspot\share\interpreter\linkResolver.cpp, line 773]
Event: 2.204 Thread 0x00000267d4e3e540 Exception <a 'java/lang/NoSuchMethodError'{0x000000008935dbb0}: 'void java.lang.System.load(java.lang.String, java.lang.Class)'> (0x000000008935dbb0) 
thrown [s\open\src\hotspot\share\interpreter\linkResolver.cpp, line 773]
Event: 2.204 Thread 0x00000267d4e3e540 Exception <a 'java/lang/NoSuchMethodError'{0x000000008935e580}: 'void java.lang.invoke.DirectMethodHandle$Holder.invokeSpecial(java.lang.Object, java.lang.Object, java.lang.Object)'> (0x000000008935e580) 
thrown [s\open\src\hotspot\share\interpreter\linkResolver.cpp, line 773]
Event: 2.209 Thread 0x00000267d4e3e540 Exception <a 'java/lang/NoSuchMethodError'{0x0000000089372318}: 'java.lang.Object java.lang.invoke.DirectMethodHandle$Holder.invokeStatic(java.lang.Object, java.lang.Object, int)'> (0x0000000089372318) 
thrown [s\open\src\hotspot\share\interpreter\linkResolver.cpp, line 773]
Event: 2.211 Thread 0x00000267d4e3e540 Exception <a 'java/lang/NoSuchMethodError'{0x000000008937d880}: 'void java.lang.invoke.DelegatingMethodHandle$Holder.delegate(java.lang.Object, java.lang.Object, int, java.lang.Object)'> (0x000000008937d880) 
thrown [s\open\src\hotspot\share\interpreter\linkResolver.cpp, line 773]
Event: 2.212 Thread 0x00000267d4e3e540 Exception <a 'java/lang/NoSuchMethodError'{0x0000000089381510}: 'int java.lang.invoke.DirectMethodHandle$Holder.invokeSpecial(java.lang.Object, java.lang.Object, java.lang.Object)'> (0x0000000089381510) 
thrown [s\open\src\hotspot\share\interpreter\linkResolver.cpp, line 773]
Event: 2.220 Thread 0x00000267d4e3e540 Exception <a 'java/lang/NoSuchMethodError'{0x00000000893e0320}: 'void java.lang.System.loadLibrary(java.lang.String, java.lang.Class)'> (0x00000000893e0320) 
thrown [s\open\src\hotspot\share\interpreter\linkResolver.cpp, line 773]
Event: 2.283 Thread 0x00000267d4e3e540 Exception <a 'sun/nio/fs/WindowsException'{0x00000000892a1eb8}> (0x00000000892a1eb8) 
thrown [s\open\src\hotspot\share\prims\jni.cpp, line 519]
Event: 2.284 Thread 0x00000267d4e3e540 Exception <a 'sun/nio/fs/WindowsException'{0x00000000892a34a0}> (0x00000000892a34a0) 
thrown [s\open\src\hotspot\share\prims\jni.cpp, line 519]
Event: 2.306 Thread 0x00000267d4e3e540 Exception <a 'sun/nio/fs/WindowsException'{0x00000000892d5c28}> (0x00000000892d5c28) 
thrown [s\open\src\hotspot\share\prims\jni.cpp, line 519]
Event: 2.307 Thread 0x00000267d4e3e540 Exception <a 'sun/nio/fs/WindowsException'{0x00000000892d5f70}> (0x00000000892d5f70) 
thrown [s\open\src\hotspot\share\prims\jni.cpp, line 519]
Event: 2.328 Thread 0x00000267d4e3e540 Exception <a 'java/lang/NoSuchMethodError'{0x0000000089142138}: 'int java.lang.invoke.DirectMethodHandle$Holder.invokeStaticInit(java.lang.Object, java.lang.Object, int, long)'> (0x0000000089142138) 
thrown [s\open\src\hotspot\share\interpreter\linkResolver.cpp, line 773]
Event: 2.329 Thread 0x00000267d4e3e540 Exception <a 'java/lang/NoSuchMethodError'{0x0000000089147770}: 'java.lang.Object java.lang.invoke.DirectMethodHandle$Holder.newInvokeSpecial(java.lang.Object, java.lang.Object, int)'> (0x0000000089147770) 
thrown [s\open\src\hotspot\share\interpreter\linkResolver.cpp, line 773]
Event: 2.333 Thread 0x00000267d4e3e540 Exception <a 'java/lang/NoSuchMethodError'{0x000000008915b350}: 'int java.lang.invoke.DirectMethodHandle$Holder.invokeStaticInit(java.lang.Object, java.lang.Object, long, long)'> (0x000000008915b350) 
thrown [s\open\src\hotspot\share\interpreter\linkResolver.cpp, line 773]
Event: 2.335 Thread 0x00000267d4e3e540 Exception <a 'java/lang/NoSuchMethodError'{0x0000000089161198}: 'java.lang.Object java.lang.invoke.DirectMethodHandle$Holder.newInvokeSpecial(java.lang.Object, java.lang.Object, long)'> (0x0000000089161198) 
thrown [s\open\src\hotspot\share\interpreter\linkResolver.cpp, line 773]
Event: 2.336 Thread 0x00000267d4e3e540 Exception <a 'java/lang/NoSuchMethodError'{0x0000000089164f50}: 'java.lang.Object java.lang.invoke.Invokers$Holder.linkToTargetMethod(java.lang.Object, long, java.lang.Object)'> (0x0000000089164f50) 
thrown [s\open\src\hotspot\share\interpreter\linkResolver.cpp, line 773]
Event: 2.337 Thread 0x00000267d4e3e540 Exception <a 'java/lang/NoSuchMethodError'{0x000000008916bf88}: 'int java.lang.invoke.DirectMethodHandle$Holder.invokeStaticInit(java.lang.Object, java.lang.Object, java.lang.Object, long)'> (0x000000008916bf88) 
thrown [s\open\src\hotspot\share\interpreter\linkResolver.cpp, line 773]

VM Operations (8 events):
Event: 0.329 Executing VM operation: HandshakeAllThreads
Event: 0.329 Executing VM operation: HandshakeAllThreads done
Event: 1.338 Executing VM operation: Cleanup
Event: 1.338 Executing VM operation: Cleanup done
Event: 1.999 Executing VM operation: ChangeBreakpoints
Event: 1.999 Executing VM operation: ChangeBreakpoints done
Event: 2.000 Executing VM operation: ChangeBreakpoints
Event: 2.000 Executing VM operation: ChangeBreakpoints done

Events (14 events):
Event: 0.204 Thread 0x00000267d4e3e540 Thread added: 0x00000267d4e3e540
Event: 0.226 Thread 0x00000267f2ecc0a0 Thread added: 0x00000267f2ecc0a0
Event: 0.226 Thread 0x00000267f2ecd040 Thread added: 0x00000267f2ecd040
Event: 0.226 Thread 0x00000267f2ecde40 Thread added: 0x00000267f2ecde40
Event: 0.227 Thread 0x00000267f2ed18a0 Thread added: 0x00000267f2ed18a0
Event: 0.227 Thread 0x00000267f2ed31f0 Thread added: 0x00000267f2ed31f0
Event: 0.227 Thread 0x00000267f2ed3b30 Thread added: 0x00000267f2ed3b30
Event: 0.227 Thread 0x00000267f2ed47a0 Thread added: 0x00000267f2ed47a0
Event: 0.236 Thread 0x00000267f2f37780 Thread added: 0x00000267f2f37780
Event: 0.317 Thread 0x00000267f2e98e30 Thread added: 0x00000267f2e98e30
Event: 0.438 Thread 0x00000267f72d3200 Thread added: 0x00000267f72d3200
Event: 0.438 Thread 0x00000267f73c0170 Thread added: 0x00000267f73c0170
Event: 0.440 Thread 0x00000267f73c06d0 Thread added: 0x00000267f73c06d0
Event: 2.046 Thread 0x00000267f7354460 Thread added: 0x00000267f7354460


Dynamic libraries:
0x00007ff6d4c00000 - 0x00007ff6d4c0e000 	C:\Users\AN\.jdks\openjdk-20.0.2\bin\java.exe
0x00007fff7b3f0000 - 0x00007fff7b5e8000 	C:\WINDOWS\SYSTEM32\ntdll.dll
0x00007fff7b280000 - 0x00007fff7b33d000 	C:\WINDOWS\System32\KERNEL32.DLL
0x00007fff78e30000 - 0x00007fff79126000 	C:\WINDOWS\System32\KERNELBASE.dll
0x00007fff79200000 - 0x00007fff79300000 	C:\WINDOWS\System32\ucrtbase.dll
0x00007fff63b60000 - 0x00007fff63b77000 	C:\Users\AN\.jdks\openjdk-20.0.2\bin\jli.dll
0x00007fff6d2e0000 - 0x00007fff6d2fb000 	C:\Users\AN\.jdks\openjdk-20.0.2\bin\VCRUNTIME140.dll
0x00007fff7b0e0000 - 0x00007fff7b27e000 	C:\WINDOWS\System32\USER32.dll
0x00007fff5d8d0000 - 0x00007fff5db6a000 	C:\WINDOWS\WinSxS\amd64_microsoft.windows.common-controls_6595b64144ccf1df_6.0.19041.1110_none_60b5254171f9507e\COMCTL32.dll
0x00007fff7a2b0000 - 0x00007fff7a34e000 	C:\WINDOWS\System32\msvcrt.dll
0x00007fff7a180000 - 0x00007fff7a1ac000 	C:\WINDOWS\System32\GDI32.dll
0x00007fff79300000 - 0x00007fff7941a000 	C:\WINDOWS\System32\gdi32full.dll
0x00007fff79130000 - 0x00007fff791cd000 	C:\WINDOWS\System32\msvcp_win.dll
0x00007fff791d0000 - 0x00007fff791f2000 	C:\WINDOWS\System32\win32u.dll
0x00007fff7af80000 - 0x00007fff7afb0000 	C:\WINDOWS\System32\IMM32.DLL
0x00007fff70c50000 - 0x00007fff70c5c000 	C:\Users\AN\.jdks\openjdk-20.0.2\bin\vcruntime140_1.dll
0x00007fff60a90000 - 0x00007fff60b1e000 	C:\Users\AN\.jdks\openjdk-20.0.2\bin\msvcp140.dll
0x00007fff1b0e0000 - 0x00007fff1bd78000 	C:\Users\AN\.jdks\openjdk-20.0.2\bin\server\jvm.dll
0x00007fff7a8b0000 - 0x00007fff7a95e000 	C:\WINDOWS\System32\ADVAPI32.dll
0x00007fff7a010000 - 0x00007fff7a0ac000 	C:\WINDOWS\System32\sechost.dll
0x00007fff7afb0000 - 0x00007fff7b0d6000 	C:\WINDOWS\System32\RPCRT4.dll
0x00007fff60d90000 - 0x00007fff60db7000 	C:\WINDOWS\SYSTEM32\WINMM.dll
0x00007fff6fe00000 - 0x00007fff6fe0a000 	C:\WINDOWS\SYSTEM32\VERSION.dll
0x00007fff6e370000 - 0x00007fff6e379000 	C:\WINDOWS\SYSTEM32\WSOCK32.dll
0x00007fff7a1b0000 - 0x00007fff7a21b000 	C:\WINDOWS\System32\ws2_32.DLL
0x00007fff772f0000 - 0x00007fff77302000 	C:\WINDOWS\SYSTEM32\kernel.appcore.dll
0x00007fff6ffa0000 - 0x00007fff6ffaa000 	C:\Users\AN\.jdks\openjdk-20.0.2\bin\jimage.dll
0x00007fff73810000 - 0x00007fff739f4000 	C:\WINDOWS\SYSTEM32\DBGHELP.DLL
0x00007fff5f680000 - 0x00007fff5f6b4000 	C:\WINDOWS\SYSTEM32\dbgcore.DLL
0x00007fff78cf0000 - 0x00007fff78d72000 	C:\WINDOWS\System32\bcryptPrimitives.dll
0x00007fff512e0000 - 0x00007fff5131c000 	C:\Users\AN\.jdks\openjdk-20.0.2\bin\jdwp.dll
0x00007fff6e2f0000 - 0x00007fff6e2fe000 	C:\Users\AN\.jdks\openjdk-20.0.2\bin\instrument.dll
0x00007fff51a20000 - 0x00007fff51a46000 	C:\Users\AN\.jdks\openjdk-20.0.2\bin\java.dll
0x00007fff57540000 - 0x00007fff57558000 	C:\Users\AN\.jdks\openjdk-20.0.2\bin\zip.dll
0x00007fff51490000 - 0x00007fff51567000 	C:\Users\AN\.jdks\openjdk-20.0.2\bin\jsvml.dll
0x00007fff79660000 - 0x00007fff79da5000 	C:\WINDOWS\System32\SHELL32.dll
0x00007fff73a00000 - 0x00007fff7419b000 	C:\WINDOWS\SYSTEM32\windows.storage.dll
0x00007fff7a550000 - 0x00007fff7a8a4000 	C:\WINDOWS\System32\combase.dll
0x00007fff78440000 - 0x00007fff7846e000 	C:\WINDOWS\SYSTEM32\Wldp.dll
0x00007fff7a4a0000 - 0x00007fff7a54d000 	C:\WINDOWS\System32\SHCORE.dll
0x00007fff7a0c0000 - 0x00007fff7a115000 	C:\WINDOWS\System32\shlwapi.dll
0x00007fff78a00000 - 0x00007fff78a25000 	C:\WINDOWS\SYSTEM32\profapi.dll
0x00007fff6e240000 - 0x00007fff6e24c000 	C:\Users\AN\.jdks\openjdk-20.0.2\bin\dt_socket.dll
0x00007fff77e90000 - 0x00007fff77ecb000 	C:\WINDOWS\SYSTEM32\IPHLPAPI.DLL
0x00007fff781a0000 - 0x00007fff7820a000 	C:\WINDOWS\system32\mswsock.dll
0x00007fff63af0000 - 0x00007fff63b03000 	C:\Users\AN\.jdks\openjdk-20.0.2\bin\net.dll
0x00007fff6add0000 - 0x00007fff6aeda000 	C:\WINDOWS\SYSTEM32\WINHTTP.dll
0x00007fff62190000 - 0x00007fff621a6000 	C:\Users\AN\.jdks\openjdk-20.0.2\bin\nio.dll
0x00007fff50f00000 - 0x00007fff50f75000 	C:\Users\AN\AppData\Local\Temp\lwjglAN\3.3.1-build-7\lwjgl.dll
0x00007fff4f010000 - 0x00007fff4f071000 	C:\Users\AN\AppData\Local\Temp\lwjglAN\3.3.1-build-7\glfw.dll

dbghelp: loaded successfully - version: 4.0.5 - missing functions: none
symbol engine: initialized successfully - sym options: 0x614 - pdb path: .;C:\Users\AN\.jdks\openjdk-20.0.2\bin;C:\WINDOWS\SYSTEM32;C:\WINDOWS\WinSxS\amd64_microsoft.windows.common-controls_6595b64144ccf1df_6.0.19041.1110_none_60b5254171f9507e;C:\Users\AN\.jdks\openjdk-20.0.2\bin\server;C:\Users\AN\AppData\Local\Temp\lwjglAN\3.3.1-build-7

VM Arguments:
jvm_args: -agentlib:jdwp=transport=dt_socket,address=127.0.0.1:50120,suspend=y,server=n -javaagent:C:\Users\AN\AppData\Local\JetBrains\IdeaIC2023.2\captureAgent\debugger-agent.jar -Dfile.encoding=UTF-8 -Dsun.stdout.encoding=UTF-8 -Dsun.stderr.encoding=UTF-8 
java_command: ShadowDance
java_class_path (initial): C:\Users\AN\annambi-project-2\target\classes;C:\Users\AN\.m2\repository\org\lwjgl\lwjgl\3.3.1\lwjgl-3.3.1.jar;C:\Users\AN\.m2\repository\org\lwjgl\lwjgl-assimp\3.3.1\lwjgl-assimp-3.3.1.jar;C:\Users\AN\.m2\repository\org\lwjgl\lwjgl-glfw\3.3.1\lwjgl-glfw-3.3.1.jar;C:\Users\AN\.m2\repository\org\lwjgl\lwjgl-openal\3.3.1\lwjgl-openal-3.3.1.jar;C:\Users\AN\.m2\repository\org\lwjgl\lwjgl-opengl\3.3.1\lwjgl-opengl-3.3.1.jar;C:\Users\AN\.m2\repository\org\lwjgl\lwjgl-stb\3.3.1\lwjgl-stb-3.3.1.jar;C:\Users\AN\.m2\repository\org\lwjgl\lwjgl\3.3.1\lwjgl-3.3.1-natives-windows.jar;C:\Users\AN\.m2\repository\org\lwjgl\lwjgl-assimp\3.3.1\lwjgl-assimp-3.3.1-natives-windows.jar;C:\Users\AN\.m2\repository\org\lwjgl\lwjgl-glfw\3.3.1\lwjgl-glfw-3.3.1-natives-windows.jar;C:\Users\AN\.m2\repository\org\lwjgl\lwjgl-openal\3.3.1\lwjgl-openal-3.3.1-natives-windows.jar;C:\Users\AN\.m2\repository\org\lwjgl\lwjgl-opengl\3.3.1\lwjgl-opengl-3.3.1-natives-windows.jar;C:\Users\AN\.m2\repository\org\lwjgl\lwjgl-stb\3.3.1\lwjgl-stb-3.3.1-natives-windows.jar;C:\Users\AN\.m2\repository\io\github\eleanor-em\bagel\1.9.3\bagel-1.9.3.jar;C:\Program Files\JetBrains\IntelliJ IDEA Community Edition 2023.2\lib\idea_rt.jar
Launcher Type: SUN_STANDARD

[Global flags]
     intx CICompilerCount                          = 3                                         {product} {ergonomic}
     uint ConcGCThreads                            = 1                                         {product} {ergonomic}
     uint G1ConcRefinementThreads                  = 4                                         {product} {ergonomic}
   size_t G1HeapRegionSize                         = 1048576                                   {product} {ergonomic}
    uintx GCDrainStackTargetSize                   = 64                                        {product} {ergonomic}
   size_t InitialHeapSize                          = 134217728                                 {product} {ergonomic}
   size_t MarkStackSize                            = 4194304                                   {product} {ergonomic}
   size_t MaxHeapSize                              = 2122317824                                {product} {ergonomic}
   size_t MaxNewSize                               = 1272971264                                {product} {ergonomic}
   size_t MinHeapDeltaBytes                        = 1048576                                   {product} {ergonomic}
   size_t MinHeapSize                              = 8388608                                   {product} {ergonomic}
    uintx NonNMethodCodeHeapSize                   = 5832780                                {pd product} {ergonomic}
    uintx NonProfiledCodeHeapSize                  = 122912730                              {pd product} {ergonomic}
    uintx ProfiledCodeHeapSize                     = 122912730                              {pd product} {ergonomic}
    uintx ReservedCodeCacheSize                    = 251658240                              {pd product} {ergonomic}
     bool SegmentedCodeCache                       = true                                      {product} {ergonomic}
   size_t SoftMaxHeapSize                          = 2122317824                             {manageable} {ergonomic}
     bool UseCompressedClassPointers               = true                           {product lp64_product} {ergonomic}
     bool UseCompressedOops                        = true                           {product lp64_product} {ergonomic}
     bool UseG1GC                                  = true                                      {product} {ergonomic}
     bool UseLargePagesIndividualAllocation        = false                                  {pd product} {ergonomic}

Logging:
Log output configuration:
 #0: stdout all=warning uptime,level,tags foldmultilines=false
 #1: stderr all=off uptime,level,tags foldmultilines=false

Environment Variables:
PATH=C:\WINDOWS\system32;C:\WINDOWS;C:\WINDOWS\System32\Wbem;C:\WINDOWS\System32\WindowsPowerShell\v1.0\;C:\WINDOWS\System32\OpenSSH\;C:\Program Files\MATLAB\R2022b\bin;C:\Program Files\Git\cmd;C:\Users\AN\AppData\Local\Microsoft\WindowsApps;;C:\Users\AN\AppData\Local\Programs\Microsoft VS Code\bin
USERNAME=AN
OS=Windows_NT
PROCESSOR_IDENTIFIER=Intel64 Family 6 Model 142 Stepping 9, GenuineIntel
TMP=C:\Users\AN\AppData\Local\Temp
TEMP=C:\Users\AN\AppData\Local\Temp




---------------  S Y S T E M  ---------------

OS:
 Windows 10 , 64 bit Build 19041 (10.0.19041.3393)
OS uptime: 5 days 1:32 hours

CPU: total 4 (initial active 4) (2 cores per cpu, 2 threads per core) family 6 model 142 stepping 9 microcode 0xb4, cx8, cmov, fxsr, ht, mmx, 3dnowpref, sse, sse2, sse3, ssse3, sse4.1, sse4.2, popcnt, lzcnt, tsc, tscinvbit, avx, avx2, aes, erms, clmul, bmi1, bmi2, adx, fma, vzeroupper, clflush, clflushopt, rdtscp, f16c

Memory: 4k page, system-wide physical 8089M (1407M free)
TotalPageFile size 11896M (AvailPageFile size 2607M)
current process WorkingSet (physical memory assigned to process): 46M, peak: 46M
current process commit charge ("private bytes"): 205M, peak: 205M

vm_info: OpenJDK 64-Bit Server VM (20.0.2+9-78) for windows-amd64 JRE (20.0.2+9-78), built on 2023-06-14T10:08:48Z by "mach5one" with MS VC++ 17.1 (VS2022)

END.
